<?xml version="1.0" encoding="UTF-8"?>
<!-- Generated by org.testng.reporters.JUnitReportReporter -->
<testsuite hostname="MSI" failures="0" tests="1" name="org.testpackage.SampleLogin" time="20.161" errors="0" timestamp="2023-02-27T10:13:59 IST" skipped="0">
  <testcase classname="org.testpackage.SampleLogin" name="login" time="20.161"/>
  <system-out/>
</testsuite> <!-- org.testpackage.SampleLogin -->
