<?xml version="1.0" encoding="UTF-8"?>
<!-- Generated by org.testng.reporters.JUnitReportReporter -->
<testsuite hostname="MSI" failures="0" tests="3" name="org.testpackage.TC003_LoginWithJson" time="62.804" errors="0" timestamp="2023-02-22T19:44:16 IST" skipped="0">
  <testcase classname="org.testpackage.TC003_LoginWithJson" name="test" time="19.943"/>
  <system-out/>
  <testcase classname="org.testpackage.TC003_LoginWithJson" name="test" time="20.614"/>
  <system-out/>
  <testcase classname="org.testpackage.TC003_LoginWithJson" name="test" time="22.247"/>
  <system-out/>
</testsuite> <!-- org.testpackage.TC003_LoginWithJson -->
