<?xml version="1.0" encoding="UTF-8"?>
<!-- Generated by org.testng.reporters.JUnitReportReporter -->
<testsuite hostname="MSI" failures="0" tests="2" name="org.testpackage.TC009_Resources" time="125.910" errors="0" timestamp="2023-03-14T20:05:44 IST" skipped="1">
  <testcase classname="org.testpackage.TC009_Resources" name="test" time="125.910"/>
  <system-out/>
  <testcase classname="org.testpackage.TC009_Resources" name="testResourcesPage">
    <skipped/>
  </testcase> <!-- testResourcesPage -->
  <system-out/>
</testsuite> <!-- org.testpackage.TC009_Resources -->
