<?xml version="1.0" encoding="UTF-8"?>
<!-- Generated by org.testng.reporters.JUnitReportReporter -->
<testsuite hostname="MSI" failures="0" tests="1" name="org.testpackage.TC050_ForgotPassword" time="15.403" errors="0" timestamp="2024-01-26T06:17:53 IST" skipped="0">
  <testcase classname="org.testpackage.TC050_ForgotPassword" name="testOTP" time="15.403"/>
  <system-out/>
</testsuite> <!-- org.testpackage.TC050_ForgotPassword -->
