<?xml version="1.0" encoding="UTF-8"?>
<!-- Generated by org.testng.reporters.JUnitReportReporter -->
<testsuite hostname="MSI" failures="0" tests="7" name="org.testpackage.Headers" time="18.548" errors="0" timestamp="2023-02-28T14:47:24 IST" skipped="6">
  <testcase classname="org.testpackage.Headers" name="testHeaderImage" time="18.548"/>
  <system-out/>
  <testcase classname="org.testpackage.Headers" name="testInstagram">
    <skipped/>
  </testcase> <!-- testInstagram -->
  <system-out/>
  <testcase classname="org.testpackage.Headers" name="testFacebook">
    <skipped/>
  </testcase> <!-- testFacebook -->
  <system-out/>
  <testcase classname="org.testpackage.Headers" name="testTelegram">
    <skipped/>
  </testcase> <!-- testTelegram -->
  <system-out/>
  <testcase classname="org.testpackage.Headers" name="testDarkMode">
    <skipped/>
  </testcase> <!-- testDarkMode -->
  <system-out/>
  <testcase classname="org.testpackage.Headers" name="testYoutube">
    <skipped/>
  </testcase> <!-- testYoutube -->
  <system-out/>
  <testcase classname="org.testpackage.Headers" name="testTwitter">
    <skipped/>
  </testcase> <!-- testTwitter -->
  <system-out/>
</testsuite> <!-- org.testpackage.Headers -->
