<?xml version="1.0" encoding="UTF-8"?>
<!-- Generated by org.testng.reporters.JUnitReportReporter -->
<testsuite hostname="MSI" failures="0" tests="1" name="org.testpackage.TC040_NewsTodayHindi" time="52.776" errors="0" timestamp="2023-10-19T18:39:59 IST" skipped="0">
  <testcase classname="org.testpackage.TC040_NewsTodayHindi" name="testPaginationInUPSCPaperSolution" time="52.776"/>
  <system-out/>
</testsuite> <!-- org.testpackage.TC040_NewsTodayHindi -->
