<?xml version="1.0" encoding="UTF-8"?>
<!-- Generated by org.testng.reporters.JUnitReportReporter -->
<testsuite hostname="MSI" failures="0" tests="3" name="org.testpackage.MonthlyCurrentAffairsTest" time="57.785" errors="0" timestamp="2023-06-07T19:17:16 IST" skipped="2">
  <testcase classname="org.testpackage.MonthlyCurrentAffairsTest" name="randomMCATest" time="57.785"/>
  <system-out/>
  <testcase classname="org.testpackage.MonthlyCurrentAffairsTest" name="monthlyFilter">
    <skipped/>
  </testcase> <!-- monthlyFilter -->
  <system-out/>
  <testcase classname="org.testpackage.MonthlyCurrentAffairsTest" name="mcaPagination">
    <skipped/>
  </testcase> <!-- mcaPagination -->
  <system-out/>
</testsuite> <!-- org.testpackage.MonthlyCurrentAffairsTest -->
