<?xml version="1.0" encoding="UTF-8"?>
<!-- Generated by org.testng.reporters.JUnitReportReporter -->
<testsuite hostname="MSI" failures="0" tests="1" name="org.testpackage.Resources" time="18.741" errors="0" timestamp="2023-02-25T18:28:05 IST" skipped="0">
  <testcase classname="org.testpackage.Resources" name="test" time="18.741"/>
  <system-out/>
</testsuite> <!-- org.testpackage.Resources -->
