<?xml version="1.0" encoding="UTF-8"?>
<!-- Generated by org.testng.reporters.JUnitReportReporter -->
<testsuite hostname="MSI" failures="0" tests="4" name="org.testpackage.TC002_LoginWithJson" time="68.945" errors="0" timestamp="2023-02-27T12:29:01 IST" skipped="0">
  <testcase classname="org.testpackage.TC002_LoginWithJson" name="test" time="18.353"/>
  <system-out/>
  <testcase classname="org.testpackage.TC002_LoginWithJson" name="test" time="17.143"/>
  <system-out/>
  <testcase classname="org.testpackage.TC002_LoginWithJson" name="test" time="17.209"/>
  <system-out/>
  <testcase classname="org.testpackage.TC002_LoginWithJson" name="test" time="16.240"/>
  <system-out/>
</testsuite> <!-- org.testpackage.TC002_LoginWithJson -->
