<?xml version="1.0" encoding="UTF-8"?>
<!-- Generated by org.testng.reporters.JUnitReportReporter -->
<testsuite hostname="MSI" failures="0" tests="5" name="org.testpackage.Footers" time="29.939" errors="0" timestamp="2023-02-28T20:16:31 IST" skipped="4">
  <testcase classname="org.testpackage.Footers" name="testTelegram" time="29.939"/>
  <system-out/>
  <testcase classname="org.testpackage.Footers" name="testInstagram">
    <skipped/>
  </testcase> <!-- testInstagram -->
  <system-out/>
  <testcase classname="org.testpackage.Footers" name="testTwitter">
    <skipped/>
  </testcase> <!-- testTwitter -->
  <system-out/>
  <testcase classname="org.testpackage.Footers" name="testFacebook">
    <skipped/>
  </testcase> <!-- testFacebook -->
  <system-out/>
  <testcase classname="org.testpackage.Footers" name="testYoutube">
    <skipped/>
  </testcase> <!-- testYoutube -->
  <system-out/>
</testsuite> <!-- org.testpackage.Footers -->
