<?xml version="1.0" encoding="UTF-8"?>
<!-- Generated by org.testng.reporters.JUnitReportReporter -->
<testsuite hostname="MSI" failures="0" tests="2" name="org.testpackage.TC007_TestSeries" time="30.415" errors="0" timestamp="2023-03-07T14:05:36 IST" skipped="1">
  <testcase classname="org.testpackage.TC007_TestSeries" name="test" time="30.415"/>
  <system-out/>
  <testcase classname="org.testpackage.TC007_TestSeries" name="test1">
    <skipped/>
  </testcase> <!-- test1 -->
  <system-out/>
</testsuite> <!-- org.testpackage.TC007_TestSeries -->
