<?xml version="1.0" encoding="UTF-8"?>
<!-- Generated by org.testng.reporters.JUnitReportReporter -->
<testsuite hostname="MSI" failures="0" tests="3" name="org.testpackage.PT365Test" time="47.186" errors="0" timestamp="2023-06-14T15:17:08 IST" skipped="2">
  <testcase classname="org.testpackage.PT365Test" name="testPT365Random" time="47.186"/>
  <system-out/>
  <testcase classname="org.testpackage.PT365Test" name="ptTest">
    <skipped/>
  </testcase> <!-- ptTest -->
  <system-out/>
  <testcase classname="org.testpackage.PT365Test" name="PT365Pagnation">
    <skipped/>
  </testcase> <!-- PT365Pagnation -->
  <system-out/>
</testsuite> <!-- org.testpackage.PT365Test -->
