<?xml version="1.0" encoding="UTF-8"?>
<!-- Generated by org.testng.reporters.JUnitReportReporter -->
<testsuite hostname="MSI" failures="0" tests="1" name="org.testpackage.TC053_Abhyaas" time="54.602" errors="0" timestamp="2023-08-31T13:19:11 IST" skipped="0">
  <testcase classname="org.testpackage.TC053_Abhyaas" name="AbhyaasTest" time="54.602"/>
  <system-out/>
</testsuite> <!-- org.testpackage.TC053_Abhyaas -->
