<?xml version="1.0" encoding="UTF-8"?>
<!-- Generated by org.testng.reporters.JUnitReportReporter -->
<testsuite hostname="MSI" failures="0" tests="1" name="org.testpackage.TC032_ToppersAnswerCopy" time="48.918" errors="0" timestamp="2023-03-14T10:49:40 IST" skipped="0">
  <testcase classname="org.testpackage.TC032_ToppersAnswerCopy" name="testInfografics" time="48.918"/>
  <system-out/>
</testsuite> <!-- org.testpackage.TC032_ToppersAnswerCopy -->
