<?xml version="1.0" encoding="UTF-8"?>
<!-- Generated by org.testng.reporters.JUnitReportReporter -->
<testsuite hostname="MSI" failures="0" tests="1" name="org.testpackage.TC390_ResearchAndAnalysisTest" time="55.879" errors="0" timestamp="2023-11-14T18:34:31 IST" skipped="0">
  <testcase classname="org.testpackage.TC390_ResearchAndAnalysisTest" name="testLikeCountAfterUserLoginInResearchAndAnalysisPage" time="55.879"/>
  <system-out/>
</testsuite> <!-- org.testpackage.TC390_ResearchAndAnalysisTest -->
