<?xml version="1.0" encoding="UTF-8"?>
<!-- Generated by org.testng.reporters.JUnitReportReporter -->
<testsuite hostname="MSI" failures="0" tests="1" name="org.testpackage.TC052_PrelimsTestSeries" time="108.410" errors="0" timestamp="2023-06-21T20:09:57 IST" skipped="0">
  <testcase classname="org.testpackage.TC052_PrelimsTestSeries" name="testPrelimsTestSeries" time="108.410"/>
  <system-out/>
</testsuite> <!-- org.testpackage.TC052_PrelimsTestSeries -->
