<?xml version="1.0" encoding="UTF-8"?>
<!-- Generated by org.testng.reporters.JUnitReportReporter -->
<testsuite hostname="MSI" failures="0" tests="1" name="org.testpackage.TC054_Open_Test" time="63.364" errors="0" timestamp="2023-08-31T19:58:03 IST" skipped="0">
  <testcase classname="org.testpackage.TC054_Open_Test" name="Test" time="63.364"/>
  <system-out/>
</testsuite> <!-- org.testpackage.TC054_Open_Test -->
