<?xml version="1.0" encoding="UTF-8"?>
<!-- Generated by org.testng.reporters.JUnitReportReporter -->
<testsuite hostname="MSI" failures="0" tests="3" name="org.testpackage.HomeTest" time="21.735" errors="0" timestamp="2023-05-23T12:56:53 IST" skipped="2">
  <testcase classname="org.testpackage.HomeTest" name="testNotices" time="21.735"/>
  <system-out/>
  <testcase classname="org.testpackage.HomeTest" name="test">
    <skipped/>
  </testcase> <!-- test -->
  <system-out/>
  <testcase classname="org.testpackage.HomeTest" name="test1">
    <skipped/>
  </testcase> <!-- test1 -->
  <system-out/>
</testsuite> <!-- org.testpackage.HomeTest -->
