<?xml version="1.0" encoding="UTF-8"?>
<!-- Generated by org.testng.reporters.JUnitReportReporter -->
<testsuite hostname="MSI" failures="0" tests="1" name="org.testpackage.TC041_QuickRevisionMaterial" time="69.084" errors="0" timestamp="2023-10-25T13:00:02 IST" skipped="0">
  <testcase classname="org.testpackage.TC041_QuickRevisionMaterial" name="testClearFilterOnQuickRevisionMaterial" time="69.084"/>
  <system-out/>
</testsuite> <!-- org.testpackage.TC041_QuickRevisionMaterial -->
