<?xml version="1.0" encoding="UTF-8"?>
<!-- Generated by org.testng.reporters.JUnitReportReporter -->
<testsuite hostname="MSI" failures="0" tests="1" name="org.testpackage.TC330_ToppersAnswerCopyTest" time="11.927" errors="0" timestamp="2023-11-09T20:33:19 IST" skipped="0">
  <testcase classname="org.testpackage.TC330_ToppersAnswerCopyTest" name="testUserCanShareThePageLinkViaTelegramOfToppersAnswerCopyPage" time="11.927"/>
  <system-out/>
</testsuite> <!-- org.testpackage.TC330_ToppersAnswerCopyTest -->
