<?xml version="1.0" encoding="UTF-8"?>
<!-- Generated by org.testng.reporters.JUnitReportReporter -->
<testsuite hostname="MSI" failures="0" tests="1" name="org.testpackage.TC001_Signup" time="20.863" errors="0" timestamp="2024-01-26T06:17:53 IST" skipped="0">
  <testcase classname="org.testpackage.TC001_Signup" name="signUpWithExistingUserEmailAddress" time="20.863"/>
  <system-out/>
</testsuite> <!-- org.testpackage.TC001_Signup -->
