<?xml version="1.0" encoding="UTF-8"?>
<!-- Generated by org.testng.reporters.JUnitReportReporter -->
<testsuite hostname="MSI" failures="0" tests="2" name="org.testpackage.TC034_AIRnewsAnalysis" time="29.875" errors="0" timestamp="2023-10-13T13:27:27 IST" skipped="1">
  <testcase classname="org.testpackage.TC034_AIRnewsAnalysis" name="testTitleOfDocumentInAIRnewsAnalysis" time="29.875"/>
  <system-out/>
  <testcase classname="org.testpackage.TC034_AIRnewsAnalysis" name="testAIRnewsAnalysis">
    <skipped/>
  </testcase> <!-- testAIRnewsAnalysis -->
  <system-out/>
</testsuite> <!-- org.testpackage.TC034_AIRnewsAnalysis -->
