<?xml version="1.0" encoding="UTF-8"?>
<!-- Generated by org.testng.reporters.JUnitReportReporter -->
<testsuite hostname="MSI" failures="0" tests="2" name="org.testpackage.TestSeries" time="31.656" errors="0" timestamp="2023-02-25T13:01:29 IST" skipped="1">
  <testcase classname="org.testpackage.TestSeries" name="test" time="31.656"/>
  <system-out/>
  <testcase classname="org.testpackage.TestSeries" name="test1">
    <skipped/>
  </testcase> <!-- test1 -->
  <system-out/>
</testsuite> <!-- org.testpackage.TestSeries -->
