<?xml version="1.0" encoding="UTF-8"?>
<!-- Generated by org.testng.reporters.JUnitReportReporter -->
<testsuite hostname="MSI" failures="0" tests="1" name="org.testpackage.ClassRomeDemoTest" time="137.311" errors="0" timestamp="2023-09-16T23:21:02 IST" skipped="0">
  <testcase classname="org.testpackage.ClassRomeDemoTest" name="testClassRoomDemo" time="137.311"/>
  <system-out/>
</testsuite> <!-- org.testpackage.ClassRomeDemoTest -->
