<?xml version="1.0" encoding="UTF-8"?>
<!-- Generated by org.testng.reporters.JUnitReportReporter -->
<testsuite hostname="MSI" failures="0" tests="1" name="org.testpackage.TC290_PT365Test" time="38.999" errors="0" timestamp="2023-10-30T18:16:07 IST" skipped="0">
  <testcase classname="org.testpackage.TC290_PT365Test" name="testLikeCountAfterUserLoginInPT365Page" time="38.999"/>
  <system-out/>
</testsuite> <!-- org.testpackage.TC290_PT365Test -->
