<?xml version="1.0" encoding="UTF-8"?>
<!-- Generated by org.testng.reporters.JUnitReportReporter -->
<testsuite hostname="MSI" failures="0" tests="1" name="org.testpackage.TC50_Classroom" time="69.764" errors="0" timestamp="2023-05-26T13:42:10 IST" skipped="0">
  <testcase classname="org.testpackage.TC50_Classroom" name="testClassroom" time="69.764"/>
  <system-out/>
</testsuite> <!-- org.testpackage.TC50_Classroom -->
