<?xml version="1.0" encoding="UTF-8"?>
<!-- Generated by org.testng.reporters.JUnitReportReporter -->
<testsuite hostname="MSI" failures="0" tests="7" name="org.testpackage.TC014_LoginScreenVerification" time="14.514" errors="0" timestamp="2023-03-07T18:49:46 IST" skipped="6">
  <testcase classname="org.testpackage.TC014_LoginScreenVerification" name="welcomeBackTextTest" time="14.514"/>
  <system-out/>
  <testcase classname="org.testpackage.TC014_LoginScreenVerification" name="emptyLoginCrendentialTest">
    <skipped/>
  </testcase> <!-- emptyLoginCrendentialTest -->
  <system-out/>
  <testcase classname="org.testpackage.TC014_LoginScreenVerification" name="invalidEmailidTest2">
    <skipped/>
  </testcase> <!-- invalidEmailidTest2 -->
  <system-out/>
  <testcase classname="org.testpackage.TC014_LoginScreenVerification" name="eyePasswordIconTest">
    <skipped/>
  </testcase> <!-- eyePasswordIconTest -->
  <system-out/>
  <testcase classname="org.testpackage.TC014_LoginScreenVerification" name="invalidPasswordTest">
    <skipped/>
  </testcase> <!-- invalidPasswordTest -->
  <system-out/>
  <testcase classname="org.testpackage.TC014_LoginScreenVerification" name="invalidEmailidTest">
    <skipped/>
  </testcase> <!-- invalidEmailidTest -->
  <system-out/>
  <testcase classname="org.testpackage.TC014_LoginScreenVerification" name="darkTest">
    <skipped/>
  </testcase> <!-- darkTest -->
  <system-out/>
</testsuite> <!-- org.testpackage.TC014_LoginScreenVerification -->
