<?xml version="1.0" encoding="UTF-8"?>
<!-- Generated by org.testng.reporters.JUnitReportReporter -->
<testsuite hostname="MSI" failures="0" tests="1" name="org.testpackage.TC037_UnionBudget" time="41.832" errors="0" timestamp="2023-10-25T20:04:00 IST" skipped="0">
  <testcase classname="org.testpackage.TC037_UnionBudget" name="testDownloadCountOfDocumentAfterUserLoginInUnionBudget" time="41.832"/>
  <system-out/>
</testsuite> <!-- org.testpackage.TC037_UnionBudget -->
