<?xml version="1.0" encoding="UTF-8"?>
<!-- Generated by org.testng.reporters.JUnitReportReporter -->
<testsuite hostname="MSI" failures="0" tests="1" name="org.testpackage.TC270_MonthlyCurrentAffairsTest" time="53.551" errors="0" timestamp="2023-10-26T18:51:30 IST" skipped="0">
  <testcase classname="org.testpackage.TC270_MonthlyCurrentAffairsTest" name="testDownloadCountOfDocumentAfterUserLoginInMonthlyCurrentAffairsPage" time="53.551"/>
  <system-out/>
</testsuite> <!-- org.testpackage.TC270_MonthlyCurrentAffairsTest -->
