<?xml version="1.0" encoding="UTF-8"?>
<!-- Generated by org.testng.reporters.JUnitReportReporter -->
<testsuite hostname="MSI" failures="0" tests="2" name="org.testpackage.MonthlyCurrentAffairs" time="73.072" errors="0" timestamp="2023-04-25T08:41:19 IST" skipped="1">
  <testcase classname="org.testpackage.MonthlyCurrentAffairs" name="likeDownloadShare" time="73.072"/>
  <system-out/>
  <testcase classname="org.testpackage.MonthlyCurrentAffairs" name="testMonthly">
    <skipped/>
  </testcase> <!-- testMonthly -->
  <system-out/>
</testsuite> <!-- org.testpackage.MonthlyCurrentAffairs -->
