<?xml version="1.0" encoding="UTF-8"?>
<!-- Generated by org.testng.reporters.JUnitReportReporter -->
<testsuite hostname="MSI" failures="0" tests="4" name="org.testpackage.TC002_LoginWithExcel" time="184.944" errors="0" timestamp="22 Feb 2023 13:05:49 GMT">
  <testcase classname="org.testpackage.TC002_LoginWithExcel" name="login" time="69.721"/>
  <testcase classname="org.testpackage.TC002_LoginWithExcel" name="login" time="37.292"/>
  <testcase classname="org.testpackage.TC002_LoginWithExcel" name="login" time="41.033"/>
  <testcase classname="org.testpackage.TC002_LoginWithExcel" name="login" time="36.898"/>
</testsuite> <!-- org.testpackage.TC002_LoginWithExcel -->
