<?xml version="1.0" encoding="UTF-8"?>
<!-- Generated by org.testng.reporters.JUnitReportReporter -->
<testsuite hostname="MSI" failures="0" tests="3" name="org.testpackage.ValueAddedMaterialTest" time="93.630" errors="0" timestamp="2023-06-14T20:16:06 IST" skipped="2">
  <testcase classname="org.testpackage.ValueAddedMaterialTest" name="testRandomDropdown" time="93.630"/>
  <system-out/>
  <testcase classname="org.testpackage.ValueAddedMaterialTest" name="testVADPagination">
    <skipped/>
  </testcase> <!-- testVADPagination -->
  <system-out/>
  <testcase classname="org.testpackage.ValueAddedMaterialTest" name="testVAD">
    <skipped/>
  </testcase> <!-- testVAD -->
  <system-out/>
</testsuite> <!-- org.testpackage.ValueAddedMaterialTest -->
