<?xml version="1.0" encoding="UTF-8"?>
<!-- Generated by org.testng.reporters.JUnitReportReporter -->
<testsuite hostname="MSI" failures="0" tests="3" name="org.testpackage.ToppersAnswerCopyTest" time="52.970" errors="0" timestamp="2023-08-14T18:12:54 IST" skipped="2">
  <testcase classname="org.testpackage.ToppersAnswerCopyTest" name="randomTACTest" time="52.970"/>
  <system-out/>
  <testcase classname="org.testpackage.ToppersAnswerCopyTest" name="testTCAPaginaton">
    <skipped/>
  </testcase> <!-- testTCAPaginaton -->
  <system-out/>
  <testcase classname="org.testpackage.ToppersAnswerCopyTest" name="testFilter">
    <skipped/>
  </testcase> <!-- testFilter -->
  <system-out/>
</testsuite> <!-- org.testpackage.ToppersAnswerCopyTest -->
