<?xml version="1.0" encoding="UTF-8"?>
<!-- Generated by org.testng.reporters.JUnitReportReporter -->
<testsuite hostname="MSI" failures="0" tests="7" name="org.testpackage.TC004_Header" time="78.165" errors="0" timestamp="2023-03-20T15:20:35 IST" skipped="2">
  <testcase classname="org.testpackage.TC004_Header" name="testFacebook" time="14.896"/>
  <system-out/>
  <testcase classname="org.testpackage.TC004_Header" name="testInstagram" time="15.607"/>
  <system-out/>
  <testcase classname="org.testpackage.TC004_Header" name="testTwitter" time="16.457"/>
  <system-out/>
  <testcase classname="org.testpackage.TC004_Header" name="testYoutube" time="16.415"/>
  <system-out/>
  <testcase classname="org.testpackage.TC004_Header" name="testTelegram" time="14.790"/>
  <system-out/>
  <testcase classname="org.testpackage.TC004_Header" name="testHeaderImage">
    <skipped/>
  </testcase> <!-- testHeaderImage -->
  <system-out/>
  <testcase classname="org.testpackage.TC004_Header" name="testDarkMode">
    <skipped/>
  </testcase> <!-- testDarkMode -->
  <system-out/>
</testsuite> <!-- org.testpackage.TC004_Header -->
