<?xml version="1.0" encoding="UTF-8"?>
<!-- Generated by org.testng.reporters.JUnitReportReporter -->
<testsuite hostname="MSI" failures="0" tests="1" name="org.testpackage.TC038_Interview" time="38.427" errors="0" timestamp="2023-10-26T09:49:50 IST" skipped="0">
  <testcase classname="org.testpackage.TC038_Interview" name="testUserCanShareThePageLinkViaWhatsappOfInterview" time="38.427"/>
  <system-out/>
</testsuite> <!-- org.testpackage.TC038_Interview -->
