<?xml version="1.0" encoding="UTF-8"?>
<!-- Generated by org.testng.reporters.JUnitReportReporter -->
<testsuite hostname="MSI" failures="0" tests="2" name="org.testpackage.TC350_ValueAdditionOptionalSubject" time="96.655" errors="0" timestamp="2023-10-31T13:56:13 IST" skipped="0">
  <testcase classname="org.testpackage.TC350_ValueAdditionOptionalSubject" name="testFilterFunctionalityOfValueAdditionOptionalSubject" time="53.203"/>
  <system-out/>
  <testcase classname="org.testpackage.TC350_ValueAdditionOptionalSubject" name="testFilterFunctionalityOfValueAdditionOptionalSubject" time="43.452"/>
  <system-out/>
</testsuite> <!-- org.testpackage.TC350_ValueAdditionOptionalSubject -->
