<?xml version="1.0" encoding="UTF-8"?>
<!-- Generated by org.testng.reporters.JUnitReportReporter -->
<testsuite hostname="MSI" failures="0" tests="2" name="org.testpackage.LoginWithFacebook" time="37.960" errors="0" timestamp="2023-02-25T11:32:29 IST" skipped="1">
  <testcase classname="org.testpackage.LoginWithFacebook" name="loginWithGoogle" time="37.960"/>
  <system-out/>
  <testcase classname="org.testpackage.LoginWithFacebook" name="test">
    <skipped/>
  </testcase> <!-- test -->
  <system-out/>
</testsuite> <!-- org.testpackage.LoginWithFacebook -->
