<?xml version="1.0" encoding="UTF-8"?>
<!-- Generated by org.testng.reporters.JUnitReportReporter -->
<testsuite hostname="MSI" failures="0" tests="2" name="org.testpackage.InfographicsTest" time="45.061" errors="0" timestamp="2023-06-02T12:20:02 IST" skipped="1">
  <testcase classname="org.testpackage.InfographicsTest" name="testInfoFilter" time="45.061"/>
  <system-out/>
  <testcase classname="org.testpackage.InfographicsTest" name="testInfoPagination">
    <skipped/>
  </testcase> <!-- testInfoPagination -->
  <system-out/>
</testsuite> <!-- org.testpackage.InfographicsTest -->
