<?xml version="1.0" encoding="UTF-8"?>
<!-- Generated by org.testng.reporters.JUnitReportReporter -->
<testsuite hostname="MSI" failures="0" tests="2" name="org.testpackage.TC050_ForgotPassword" time="23.581" errors="0" timestamp="2023-11-10T16:58:38 IST" skipped="0">
  <testcase classname="org.testpackage.TC050_ForgotPassword" name="testByEnteringValidEmailAddress" time="9.894"/>
  <system-out/>
  <testcase classname="org.testpackage.TC050_ForgotPassword" name="testOTP" time="13.687"/>
  <system-out/>
</testsuite> <!-- org.testpackage.TC050_ForgotPassword -->
