<?xml version="1.0" encoding="UTF-8"?>
<!-- Generated by org.testng.reporters.JUnitReportReporter -->
<testsuite hostname="MSI" failures="0" tests="2" name="org.testpackage.TC004_Register" time="53.886" errors="0" timestamp="2023-02-24T12:47:50 IST" skipped="0">
  <testcase classname="org.testpackage.TC004_Register" name="signupPage" time="23.972"/>
  <system-out/>
  <testcase classname="org.testpackage.TC004_Register" name="signupPage" time="29.914"/>
  <system-out/>
</testsuite> <!-- org.testpackage.TC004_Register -->
