<?xml version="1.0" encoding="UTF-8"?>
<!-- Generated by org.testng.reporters.JUnitReportReporter -->
<testsuite hostname="MSI" failures="0" tests="6" name="org.pageobjectmanager.NewWebsiteLogin" time="253.214" errors="0" timestamp="22 Feb 2023 12:14:35 GMT">
  <testcase classname="org.pageobjectmanager.NewWebsiteLogin" name="login" time="39.524"/>
  <testcase classname="org.pageobjectmanager.NewWebsiteLogin" name="login" time="41.726"/>
  <testcase classname="org.pageobjectmanager.NewWebsiteLogin" name="login" time="38.955"/>
  <testcase classname="org.pageobjectmanager.NewWebsiteLogin" name="login" time="42.666"/>
  <testcase classname="org.pageobjectmanager.NewWebsiteLogin" name="login" time="46.229"/>
  <testcase classname="org.pageobjectmanager.NewWebsiteLogin" name="login" time="44.114"/>
</testsuite> <!-- org.pageobjectmanager.NewWebsiteLogin -->
