<?xml version="1.0" encoding="UTF-8"?>
<!-- Generated by org.testng.reporters.JUnitReportReporter -->
<testsuite hostname="MSI" failures="0" tests="1" name="org.testpackage.OpenTest" time="20.745" errors="0" timestamp="2023-02-25T18:46:14 IST" skipped="0">
  <testcase classname="org.testpackage.OpenTest" name="test" time="20.745"/>
  <system-out/>
</testsuite> <!-- org.testpackage.OpenTest -->
