<?xml version="1.0" encoding="UTF-8"?>
<!-- Generated by org.testng.reporters.JUnitReportReporter -->
<testsuite hostname="MSI" failures="0" tests="2" name="org.testpackage.TC330_ValueAddedMaterialTest" time="30.821" errors="0" timestamp="2023-11-07T12:39:13 IST" skipped="0">
  <testcase classname="org.testpackage.TC330_ValueAddedMaterialTest" name="testPresenceOfYearAndMediumInValueAddedMaterialPageDocument" time="14.264"/>
  <system-out/>
  <testcase classname="org.testpackage.TC330_ValueAddedMaterialTest" name="testLikeCountBeforeUserLoginInValueAddedMaterialPage" time="16.557"/>
  <system-out/>
</testsuite> <!-- org.testpackage.TC330_ValueAddedMaterialTest -->
