<?xml version="1.0" encoding="UTF-8"?>
<!-- Generated by org.testng.reporters.JUnitReportReporter -->
<testsuite hostname="MSI" failures="0" tests="2" name="org.testpackage.Mains365Test" time="64.260" errors="0" timestamp="2023-06-02T12:00:55 IST" skipped="1">
  <testcase classname="org.testpackage.Mains365Test" name="filterMains365Test" time="64.260"/>
  <system-out/>
  <testcase classname="org.testpackage.Mains365Test" name="testMains365Pagination">
    <skipped/>
  </testcase> <!-- testMains365Pagination -->
  <system-out/>
</testsuite> <!-- org.testpackage.Mains365Test -->
