<?xml version="1.0" encoding="UTF-8"?>
<!-- Generated by org.testng.reporters.JUnitReportReporter -->
<testsuite hostname="MSI" failures="0" tests="3" name="org.testpackage.TC008_PersonalityInterviewPage" time="39.715" errors="0" timestamp="2023-08-31T17:43:09 IST" skipped="2">
  <testcase classname="org.testpackage.TC008_PersonalityInterviewPage" name="testCartPageOfInterviewPageForVisionIasStudent" time="39.715"/>
  <system-out/>
  <testcase classname="org.testpackage.TC008_PersonalityInterviewPage" name="testCartPageOfInterviewPageForNewStudent">
    <skipped/>
  </testcase> <!-- testCartPageOfInterviewPageForNewStudent -->
  <system-out/>
  <testcase classname="org.testpackage.TC008_PersonalityInterviewPage" name="testFunctionalityOfInterviewPage">
    <skipped/>
  </testcase> <!-- testFunctionalityOfInterviewPage -->
  <system-out/>
</testsuite> <!-- org.testpackage.TC008_PersonalityInterviewPage -->
