<?xml version="1.0" encoding="UTF-8"?>
<!-- Generated by org.testng.reporters.JUnitReportReporter -->
<testsuite hostname="MSI" failures="0" tests="2" name="org.testpackage.PT365FooterTest" time="96.635" errors="0" timestamp="2023-09-20T12:15:05 IST" skipped="0">
  <testcase classname="org.testpackage.PT365FooterTest" name="test" time="49.833"/>
  <system-out/>
  <testcase classname="org.testpackage.PT365FooterTest" name="testPT365Functionality" time="46.802"/>
  <system-out/>
</testsuite> <!-- org.testpackage.PT365FooterTest -->
