<?xml version="1.0" encoding="UTF-8"?>
<!-- Generated by org.testng.reporters.JUnitReportReporter -->
<testsuite hostname="MSI" failures="0" tests="1" name="org.testpackage.SignupRandomTest" time="17.761" errors="0" timestamp="2023-07-11T20:17:13 IST" skipped="0">
  <testcase classname="org.testpackage.SignupRandomTest" name="signupRanfomTestMethod" time="17.761"/>
  <system-out/>
</testsuite> <!-- org.testpackage.SignupRandomTest -->
