<?xml version="1.0" encoding="UTF-8"?>
<!-- Generated by org.testng.reporters.JUnitReportReporter -->
<testsuite hostname="MSI" failures="0" tests="17" name="org.testpackage.TC035_HindiMagazine" time="2.003" errors="1" timestamp="2023-10-20T20:12:41 IST" skipped="16">
  <testcase classname="org.testpackage.TC035_HindiMagazine" name="launch" time="2.000">
    <error message="Cannot invoke &quot;String.replaceAll(String, String)&quot; because &quot;x&quot; is null" type="java.lang.NullPointerException">
      <![CDATA[java.lang.NullPointerException: Cannot invoke "String.replaceAll(String, String)" because "x" is null
at com.aventstack.extentreports.ExtentTest.lambda$assignAuthor$1(ExtentTest.java:1041)
at java.base/java.util.Spliterators$ArraySpliterator.forEachRemaining(Spliterators.java:992)
at java.base/java.util.stream.ReferencePipeline$Head.forEach(ReferencePipeline.java:762)
at com.aventstack.extentreports.ExtentTest.assignAuthor(ExtentTest.java:1040)
at org.basepackage.VisionBaseClass.launch(VisionBaseClass.java:161)
at java.base/jdk.internal.reflect.NativeMethodAccessorImpl.invoke0(Native Method)
at java.base/jdk.internal.reflect.NativeMethodAccessorImpl.invoke(NativeMethodAccessorImpl.java:77)
at java.base/jdk.internal.reflect.DelegatingMethodAccessorImpl.invoke(DelegatingMethodAccessorImpl.java:43)
at java.base/java.lang.reflect.Method.invoke(Method.java:568)
at org.testng.internal.invokers.MethodInvocationHelper.invokeMethod(MethodInvocationHelper.java:139)
at org.testng.internal.invokers.MethodInvocationHelper.invokeMethodConsideringTimeout(MethodInvocationHelper.java:69)
at org.testng.internal.invokers.ConfigInvoker.invokeConfigurationMethod(ConfigInvoker.java:361)
at org.testng.internal.invokers.ConfigInvoker.invokeConfigurations(ConfigInvoker.java:296)
at org.testng.internal.invokers.TestInvoker.runConfigMethods(TestInvoker.java:823)
at org.testng.internal.invokers.TestInvoker.invokeMethod(TestInvoker.java:590)
at org.testng.internal.invokers.TestInvoker.invokeTestMethod(TestInvoker.java:221)
at org.testng.internal.invokers.MethodRunner.runInSequence(MethodRunner.java:50)
at org.testng.internal.invokers.TestInvoker$MethodInvocationAgent.invoke(TestInvoker.java:969)
at org.testng.internal.invokers.TestInvoker.invokeTestMethods(TestInvoker.java:194)
at org.testng.internal.invokers.TestMethodWorker.invokeTestMethods(TestMethodWorker.java:148)
at org.testng.internal.invokers.TestMethodWorker.run(TestMethodWorker.java:128)
at java.base/java.util.ArrayList.forEach(ArrayList.java:1511)
at org.testng.TestRunner.privateRun(TestRunner.java:829)
at org.testng.TestRunner.run(TestRunner.java:602)
at org.testng.SuiteRunner.runTest(SuiteRunner.java:437)
at org.testng.SuiteRunner.runSequentially(SuiteRunner.java:431)
at org.testng.SuiteRunner.privateRun(SuiteRunner.java:391)
at org.testng.SuiteRunner.run(SuiteRunner.java:330)
at org.testng.SuiteRunnerWorker.runSuite(SuiteRunnerWorker.java:52)
at org.testng.SuiteRunnerWorker.run(SuiteRunnerWorker.java:95)
at org.testng.TestNG.runSuitesSequentially(TestNG.java:1256)
at org.testng.TestNG.runSuitesLocally(TestNG.java:1176)
at org.testng.TestNG.runSuites(TestNG.java:1099)
at org.testng.TestNG.run(TestNG.java:1067)
at org.testng.remote.AbstractRemoteTestNG.run(AbstractRemoteTestNG.java:115)
at org.testng.remote.RemoteTestNG.initAndRun(RemoteTestNG.java:251)
at org.testng.remote.RemoteTestNG.main(RemoteTestNG.java:77)
]]>
    </error>
  </testcase> <!-- launch -->
  <system-out/>
  <testcase classname="org.testpackage.TC035_HindiMagazine" name="testBannerTextOfHindiMagazine" time="0.000">
    <skipped/>
  </testcase> <!-- testBannerTextOfHindiMagazine -->
  <system-out/>
  <testcase classname="org.testpackage.TC035_HindiMagazine" name="testPresenceOfDocumentInHindiMagazine" time="0.000">
    <skipped/>
  </testcase> <!-- testPresenceOfDocumentInHindiMagazine -->
  <system-out/>
  <testcase classname="org.testpackage.TC035_HindiMagazine" name="testTitleOfDocumentInHindiMagazine" time="0.000">
    <skipped/>
  </testcase> <!-- testTitleOfDocumentInHindiMagazine -->
  <system-out/>
  <testcase classname="org.testpackage.TC035_HindiMagazine" name="testPresenceOfYearAndMediumInHindiMagazineDocument" time="0.000">
    <skipped/>
  </testcase> <!-- testPresenceOfYearAndMediumInHindiMagazineDocument -->
  <system-out/>
  <testcase classname="org.testpackage.TC035_HindiMagazine" name="testLikeCountInHindiMagazineDocument" time="0.000">
    <skipped/>
  </testcase> <!-- testLikeCountInHindiMagazineDocument -->
  <system-out/>
  <testcase classname="org.testpackage.TC035_HindiMagazine" name="testLikeCountOfDocumentAtBeforeUserLoginInHindiMagazine" time="0.000">
    <skipped/>
  </testcase> <!-- testLikeCountOfDocumentAtBeforeUserLoginInHindiMagazine -->
  <system-out/>
  <testcase classname="org.testpackage.TC035_HindiMagazine" name="testLikeCountBeforeUserLoginInHindiMagazine" time="0.001">
    <skipped/>
  </testcase> <!-- testLikeCountBeforeUserLoginInHindiMagazine -->
  <system-out/>
  <testcase classname="org.testpackage.TC035_HindiMagazine" name="testDownloadCountOfDocumentBeforeUserLoginInHindiMagazine" time="0.000">
    <skipped/>
  </testcase> <!-- testDownloadCountOfDocumentBeforeUserLoginInHindiMagazine -->
  <system-out/>
  <testcase classname="org.testpackage.TC035_HindiMagazine" name="testUserCanShareThePageLinkViaWhatsappOfHindiMagazine" time="0.000">
    <skipped/>
  </testcase> <!-- testUserCanShareThePageLinkViaWhatsappOfHindiMagazine -->
  <system-out/>
  <testcase classname="org.testpackage.TC035_HindiMagazine" name="testUserCanShareThePageLinkViaFacebookOfHindiMagazine" time="0.001">
    <skipped/>
  </testcase> <!-- testUserCanShareThePageLinkViaFacebookOfHindiMagazine -->
  <system-out/>
  <testcase classname="org.testpackage.TC035_HindiMagazine" name="testUserCanShareThePageLinkViaGmailOfHindiMagazine" time="0.000">
    <skipped/>
  </testcase> <!-- testUserCanShareThePageLinkViaGmailOfHindiMagazine -->
  <system-out/>
  <testcase classname="org.testpackage.TC035_HindiMagazine" name="testUserCanShareThePageLinkViaTelegramOfHindiMagazine" time="0.001">
    <skipped/>
  </testcase> <!-- testUserCanShareThePageLinkViaTelegramOfHindiMagazine -->
  <system-out/>
  <testcase classname="org.testpackage.TC035_HindiMagazine" name="testFilterFunctionalityOfHindiMagazine" time="0.000">
    <skipped/>
  </testcase> <!-- testFilterFunctionalityOfHindiMagazine -->
  <system-out/>
  <testcase classname="org.testpackage.TC035_HindiMagazine" name="testClearFilterOptionInHindiMagazine" time="0.000">
    <skipped/>
  </testcase> <!-- testClearFilterOptionInHindiMagazine -->
  <system-out/>
  <testcase classname="org.testpackage.TC035_HindiMagazine" name="testLikeCountAfterUserLoginInHindiMagazine" time="0.000">
    <skipped/>
  </testcase> <!-- testLikeCountAfterUserLoginInHindiMagazine -->
  <system-out/>
  <testcase classname="org.testpackage.TC035_HindiMagazine" name="testPaginationInHindiMagazine" time="0.000">
    <skipped/>
  </testcase> <!-- testPaginationInHindiMagazine -->
  <system-out/>
</testsuite> <!-- org.testpackage.TC035_HindiMagazine -->
