<?xml version="1.0" encoding="UTF-8"?>
<!-- Generated by org.testng.reporters.JUnitReportReporter -->
<testsuite hostname="MSI" failures="0" tests="1" name="org.testpackage.TC050_ForgotPassword" time="20.150" errors="0" timestamp="2024-01-25T13:51:58 IST" skipped="0">
  <testcase classname="org.testpackage.TC050_ForgotPassword" name="testOTP" time="20.150"/>
  <system-out/>
</testsuite> <!-- org.testpackage.TC050_ForgotPassword -->
