<?xml version="1.0" encoding="UTF-8"?>
<!-- Generated by org.testng.reporters.JUnitReportReporter -->
<testsuite hostname="MSI" failures="0" tests="1" name="org.testpackage.Interview" time="18.793" errors="0" timestamp="2023-02-25T17:08:21 IST" skipped="0">
  <testcase classname="org.testpackage.Interview" name="test" time="18.793"/>
  <system-out/>
</testsuite> <!-- org.testpackage.Interview -->
