<?xml version="1.0" encoding="UTF-8"?>
<!-- Generated by org.testng.reporters.JUnitReportReporter -->
<testsuite hostname="MSI" failures="0" tests="1" name="org.testpackage.Centers" time="12.671" errors="0" timestamp="2023-02-26T10:53:36 IST" skipped="0">
  <testcase classname="org.testpackage.Centers" name="test" time="12.671"/>
  <system-out/>
</testsuite> <!-- org.testpackage.Centers -->
