<?xml version="1.0" encoding="UTF-8"?>
<!-- Generated by org.testng.reporters.JUnitReportReporter -->
<testsuite hostname="MSI" failures="0" tests="7" name="org.testpackage.TC002_LoginTest" time="92.001" errors="0" timestamp="2023-06-23T14:16:24 IST" skipped="3">
  <testcase classname="org.testpackage.TC002_LoginTest" name="testLatest" time="22.544"/>
  <system-out/>
  <testcase classname="org.testpackage.TC002_LoginTest" name="testLatest" time="21.182"/>
  <system-out/>
  <testcase classname="org.testpackage.TC002_LoginTest" name="testLatest" time="22.742"/>
  <system-out/>
  <testcase classname="org.testpackage.TC002_LoginTest" name="testLatest" time="25.533"/>
  <system-out/>
  <testcase classname="org.testpackage.TC002_LoginTest" name="test">
    <skipped/>
  </testcase> <!-- test -->
  <system-out/>
  <testcase classname="org.testpackage.TC002_LoginTest" name="loginToastTest">
    <skipped/>
  </testcase> <!-- loginToastTest -->
  <system-out/>
  <testcase classname="org.testpackage.TC002_LoginTest" name="testLogin">
    <skipped/>
  </testcase> <!-- testLogin -->
  <system-out/>
</testsuite> <!-- org.testpackage.TC002_LoginTest -->
