<?xml version="1.0" encoding="UTF-8"?>
<!-- Generated by org.testng.reporters.JUnitReportReporter -->
<testsuite hostname="MSI" failures="0" tests="2" name="org.testpackage.CartPageTest" time="61.846" errors="0" timestamp="2023-09-12T16:47:26 IST" skipped="0">
  <testcase classname="org.testpackage.CartPageTest" name="cardPagetest" time="32.814"/>
  <system-out/>
  <testcase classname="org.testpackage.CartPageTest" name="testFunctionalityOfCard" time="29.032"/>
  <system-out/>
</testsuite> <!-- org.testpackage.CartPageTest -->
