<?xml version="1.0" encoding="UTF-8"?>
<!-- Generated by org.testng.reporters.JUnitReportReporter -->
<testsuite hostname="MSI" failures="0" tests="8" name="org.testpackage.TC001_Signup" time="121.974" errors="0" timestamp="2024-01-17T13:53:21 IST" skipped="0">
  <testcase classname="org.testpackage.TC001_Signup" name="signUpWithExistingUserEmailAddress" time="13.577"/>
  <system-out/>
  <testcase classname="org.testpackage.TC001_Signup" name="signUpForMissingFieldAndValidData" time="13.622"/>
  <system-out/>
  <testcase classname="org.testpackage.TC001_Signup" name="signUpForMissingFieldAndValidData" time="15.890"/>
  <system-out/>
  <testcase classname="org.testpackage.TC001_Signup" name="signUpForMissingFieldAndValidData" time="17.406"/>
  <system-out/>
  <testcase classname="org.testpackage.TC001_Signup" name="signUpForMissingFieldAndValidData" time="11.650"/>
  <system-out/>
  <testcase classname="org.testpackage.TC001_Signup" name="signUpForMissingFieldAndValidData" time="15.713"/>
  <system-out/>
  <testcase classname="org.testpackage.TC001_Signup" name="signUpForMissingFieldAndValidData" time="12.362"/>
  <system-out/>
  <testcase classname="org.testpackage.TC001_Signup" name="signUpForMissingFieldAndValidData" time="21.754"/>
  <system-out/>
</testsuite> <!-- org.testpackage.TC001_Signup -->
