<?xml version="1.0" encoding="UTF-8"?>
<!-- Generated by org.testng.reporters.JUnitReportReporter -->
<testsuite hostname="MSI" failures="0" tests="3" name="org.testpackage.ResearchAndAnalysisTest" time="39.777" errors="0" timestamp="2023-06-14T19:44:54 IST" skipped="2">
  <testcase classname="org.testpackage.ResearchAndAnalysisTest" name="randomRATest" time="39.777"/>
  <system-out/>
  <testcase classname="org.testpackage.ResearchAndAnalysisTest" name="testRA">
    <skipped/>
  </testcase> <!-- testRA -->
  <system-out/>
  <testcase classname="org.testpackage.ResearchAndAnalysisTest" name="testRAPagination">
    <skipped/>
  </testcase> <!-- testRAPagination -->
  <system-out/>
</testsuite> <!-- org.testpackage.ResearchAndAnalysisTest -->
