<?xml version="1.0" encoding="UTF-8"?>
<!-- Generated by org.testng.reporters.JUnitReportReporter -->
<testsuite hostname="MSI" failures="0" tests="1" name="org.testpackage.TC020_BuyLatestCourses" time="96.431" errors="0" timestamp="2023-03-07T19:22:29 IST" skipped="0">
  <testcase classname="org.testpackage.TC020_BuyLatestCourses" name="butCoursesTest" time="96.431"/>
  <system-out/>
</testsuite> <!-- org.testpackage.TC020_BuyLatestCourses -->
