<?xml version="1.0" encoding="UTF-8"?>
<!-- Generated by org.testng.reporters.JUnitReportReporter -->
<testsuite hostname="MSI" failures="0" tests="1" name="org.testpackage.TC036_EconomicSurvey" time="32.374" errors="0" timestamp="2023-10-25T18:31:00 IST" skipped="0">
  <testcase classname="org.testpackage.TC036_EconomicSurvey" name="testUserCanShareThePageLinkViaFacebookOfEconomicSurvey" time="32.374"/>
  <system-out/>
</testsuite> <!-- org.testpackage.TC036_EconomicSurvey -->
