<?xml version="1.0" encoding="UTF-8"?>
<!-- Generated by org.testng.reporters.JUnitReportReporter -->
<testsuite hostname="MSI" failures="0" tests="1" name="org.testpackage.ClassroomDemo" time="13.758" errors="0" timestamp="2023-02-25T18:46:14 IST" skipped="0">
  <testcase classname="org.testpackage.ClassroomDemo" name="test" time="13.758"/>
  <system-out/>
</testsuite> <!-- org.testpackage.ClassroomDemo -->
