<?xml version="1.0" encoding="UTF-8"?>
<!-- Generated by org.testng.reporters.JUnitReportReporter -->
<testsuite hostname="MSI" failures="0" tests="1" name="org.testpackage.TC007_Footers" time="65.974" errors="0" timestamp="2023-02-28T18:08:04 IST" skipped="0">
  <testcase classname="org.testpackage.TC007_Footers" name="centersTest" time="65.974"/>
  <system-out/>
</testsuite> <!-- org.testpackage.TC007_Footers -->
