<?xml version="1.0" encoding="UTF-8"?>
<!-- Generated by org.testng.reporters.JUnitReportReporter -->
<testsuite hostname="MSI" failures="0" tests="1" name="org.testpackage.TC36_EconomicSurvey" time="93.405" errors="0" timestamp="2023-03-31T16:07:20 IST" skipped="0">
  <testcase classname="org.testpackage.TC36_EconomicSurvey" name="testEconomicSurvey" time="93.405"/>
  <system-out/>
</testsuite> <!-- org.testpackage.TC36_EconomicSurvey -->
