<?xml version="1.0" encoding="UTF-8"?>
<!-- Generated by org.testng.reporters.JUnitReportReporter -->
<testsuite hostname="MSI" failures="0" tests="1" name="org.testpackage.TC250_WeeklyFocusTest" time="14.798" errors="0" timestamp="2023-10-26T17:43:03 IST" skipped="0">
  <testcase classname="org.testpackage.TC250_WeeklyFocusTest" name="testPaginationInWeeklyFocus" time="14.798"/>
  <system-out/>
</testsuite> <!-- org.testpackage.TC250_WeeklyFocusTest -->
