<?xml version="1.0" encoding="UTF-8"?>
<!-- Generated by org.testng.reporters.JUnitReportReporter -->
<testsuite hostname="MSI" failures="0" tests="1" name="org.testpackage.Classroom" time="13.904" errors="0" timestamp="2023-02-25T16:48:14 IST" skipped="0">
  <testcase classname="org.testpackage.Classroom" name="test" time="13.904"/>
  <system-out/>
</testsuite> <!-- org.testpackage.Classroom -->
