<?xml version="1.0" encoding="UTF-8"?>
<!-- Generated by org.testng.reporters.JUnitReportReporter -->
<testsuite hostname="MSI" failures="0" tests="1" name="org.testpackage.TC055_TalksAndInterviews" time="65.449" errors="1" timestamp="2023-10-17T19:06:03 IST" skipped="0">
  <testcase classname="org.testpackage.TC055_TalksAndInterviews" name="playHindiTalksAndInterviews" time="65.449">
    <error message="bound must be greater than origin" type="java.lang.IllegalArgumentException">
      <![CDATA[java.lang.IllegalArgumentException: bound must be greater than origin
at java.base/jdk.internal.util.random.RandomSupport.checkRange(RandomSupport.java:232)
at java.base/java.util.random.RandomGenerator.nextInt(RandomGenerator.java:679)
at java.base/java.util.concurrent.ThreadLocalRandom.nextInt(ThreadLocalRandom.java:458)
at org.pageclasspackage.TalksAndInterviews.playVideoRandomnly(TalksAndInterviews.java:144)
at org.testpackage.TC055_TalksAndInterviews.playHindiTalksAndInterviews(TC055_TalksAndInterviews.java:77)
at java.base/jdk.internal.reflect.NativeMethodAccessorImpl.invoke0(Native Method)
at java.base/jdk.internal.reflect.NativeMethodAccessorImpl.invoke(NativeMethodAccessorImpl.java:77)
at java.base/jdk.internal.reflect.DelegatingMethodAccessorImpl.invoke(DelegatingMethodAccessorImpl.java:43)
at java.base/java.lang.reflect.Method.invoke(Method.java:568)
at org.testng.internal.invokers.MethodInvocationHelper.invokeMethod(MethodInvocationHelper.java:139)
at org.testng.internal.invokers.TestInvoker.invokeMethod(TestInvoker.java:677)
at org.testng.internal.invokers.TestInvoker.invokeTestMethod(TestInvoker.java:221)
at org.testng.internal.invokers.MethodRunner.runInSequence(MethodRunner.java:50)
at org.testng.internal.invokers.TestInvoker$MethodInvocationAgent.invoke(TestInvoker.java:969)
at org.testng.internal.invokers.TestInvoker.invokeTestMethods(TestInvoker.java:194)
at org.testng.internal.invokers.TestMethodWorker.invokeTestMethods(TestMethodWorker.java:148)
at org.testng.internal.invokers.TestMethodWorker.run(TestMethodWorker.java:128)
at java.base/java.util.concurrent.ThreadPoolExecutor.runWorker(ThreadPoolExecutor.java:1136)
at java.base/java.util.concurrent.ThreadPoolExecutor$Worker.run(ThreadPoolExecutor.java:635)
at java.base/java.lang.Thread.run(Thread.java:833)
]]>
    </error>
  </testcase> <!-- playHindiTalksAndInterviews -->
  <system-out/>
</testsuite> <!-- org.testpackage.TC055_TalksAndInterviews -->
