<?xml version="1.0" encoding="UTF-8"?>
<!-- Generated by org.testng.reporters.JUnitReportReporter -->
<testsuite hostname="MSI" failures="0" tests="2" name="org.testpackage.SmartQuizTest" time="68.563" errors="0" timestamp="2023-06-02T12:56:59 IST" skipped="1">
  <testcase classname="org.testpackage.SmartQuizTest" name="testSmart" time="68.563"/>
  <system-out/>
  <testcase classname="org.testpackage.SmartQuizTest" name="testing">
    <skipped/>
  </testcase> <!-- testing -->
  <system-out/>
</testsuite> <!-- org.testpackage.SmartQuizTest -->
