<?xml version="1.0" encoding="UTF-8"?>
<!-- Generated by org.testng.reporters.JUnitReportReporter -->
<testsuite hostname="MSI" failures="0" tests="1" name="org.testpackage.TC003_ForgotPassword" time="32.878" errors="0" timestamp="2023-10-11T13:22:49 IST" skipped="0">
  <testcase classname="org.testpackage.TC003_ForgotPassword" name="testOTP" time="32.878"/>
  <system-out/>
</testsuite> <!-- org.testpackage.TC003_ForgotPassword -->
